\\psf\home\documents\visual studio 2013\projects\dreamproject\dreamproject\debug\vc120.pdb
\\psf\home\documents\visual studio 2013\projects\dreamproject\dreamproject\debug\vc120.idb
\\psf\home\documents\visual studio 2013\projects\dreamproject\dreamproject\debug\basic.obj
\\psf\home\documents\visual studio 2013\projects\dreamproject\dreamproject\debug\file.obj
\\psf\home\documents\visual studio 2013\projects\dreamproject\dreamproject\debug\globject.obj
\\psf\home\documents\visual studio 2013\projects\dreamproject\dreamproject\debug\globjmgr.obj
\\psf\home\documents\visual studio 2013\projects\dreamproject\dreamproject\debug\interact.obj
\\psf\home\documents\visual studio 2013\projects\dreamproject\dreamproject\debug\light.obj
\\psf\home\documents\visual studio 2013\projects\dreamproject\dreamproject\debug\loader.obj
\\psf\home\documents\visual studio 2013\projects\dreamproject\dreamproject\debug\main.obj
\\psf\home\documents\visual studio 2013\projects\dreamproject\dreamproject\debug\objstream.obj
\\psf\home\documents\visual studio 2013\projects\dreamproject\debug\dreamproject.ilk
\\psf\home\documents\visual studio 2013\projects\dreamproject\debug\dreamproject.exe
\\psf\home\documents\visual studio 2013\projects\dreamproject\debug\dreamproject.pdb
\\psf\home\documents\visual studio 2013\projects\dreamproject\dreamproject\debug\dreamproject.tlog\cl.command.1.tlog
\\psf\home\documents\visual studio 2013\projects\dreamproject\dreamproject\debug\dreamproject.tlog\cl.read.1.tlog
\\psf\home\documents\visual studio 2013\projects\dreamproject\dreamproject\debug\dreamproject.tlog\cl.write.1.tlog
\\psf\home\documents\visual studio 2013\projects\dreamproject\dreamproject\debug\dreamproject.tlog\link.command.1.tlog
\\psf\home\documents\visual studio 2013\projects\dreamproject\dreamproject\debug\dreamproject.tlog\link.read.1.tlog
\\psf\home\documents\visual studio 2013\projects\dreamproject\dreamproject\debug\dreamproject.tlog\link.write.1.tlog
